<?xml version="1.0" encoding="UTF-8"?>
<!-- Generated by org.testng.reporters.JUnitReportReporter -->
<testsuite hostname="Gyro.local" name="org.game.sudoku.AppTest" tests="4" failures="0" timestamp="15 May 2016 17:25:46 GMT" time="0.004" errors="0">
  <testcase name="checkPlay" time="0.000" classname="org.game.sudoku.AppTest"/>
  <testcase name="checkHowTo" time="0.001" classname="org.game.sudoku.AppTest"/>
  <testcase name="checkQuit" time="0.001" classname="org.game.sudoku.AppTest"/>
  <testcase name="checkStart" time="0.002" classname="org.game.sudoku.AppTest"/>
</testsuite> <!-- org.game.sudoku.AppTest -->
